# Template file for 'python3-absl'
pkgname=python3-absl
version=2.4.0
revision=1
build_style=python3-pep517
hostmakedepends="python3-setuptools python3-wheel hatchling"
checkdepends="python3-pytest"
short_desc="Abseil Common Libraries (Python)"
maintainer="Jason Elswick <jason@jasondavid.us>"
license="Apache-2.0"
homepage="https://github.com/abseil/abseil-py"
distfiles="https://github.com/abseil/abseil-py/archive/refs/tags/v${version}.tar.gz"
checksum=190418ea571aa09a0d91b08e3f71a2598337821dcec3f24872f44a140e8499ee
make_check=no # see below AssertionError
# absl/logging/tests/verbosity_flag_test.py:38: in <module>
#     assert FLAGS['verbosity'].value == -1, (
# E   AssertionError: -v/--verbosity should be -1 before flags are parsed.
# E   assert -2 == -1
# E    +  where -2 = <absl.logging._VerbosityFlag object at 0x7fcf86757a10>.value
